[00:01:50] [Server thread/INFO]: SimonPro74 drowned
[00:02:09] [Server thread/WARN]: Player SimonPro74 just tried to change non-editable sign
[00:02:09] [Server thread/WARN]: Player SimonPro74 just tried to change non-editable sign
[00:02:09] [Server thread/WARN]: Player SimonPro74 just tried to change non-editable sign
[00:02:09] [Server thread/WARN]: Player SimonPro74 just tried to change non-editable sign
[00:02:09] [Server thread/WARN]: Player SimonPro74 just tried to change non-editable sign
[00:02:09] [Server thread/WARN]: Player SimonPro74 just tried to change non-editable sign
[00:02:09] [Server thread/WARN]: Player SimonPro74 just tried to change non-editable sign
[00:02:09] [Server thread/WARN]: Player SimonPro74 just tried to change non-editable sign
[00:02:09] [Server thread/WARN]: Player SimonPro74 just tried to change non-editable sign
[00:02:09] [Server thread/WARN]: Player SimonPro74 just tried to change non-editable sign
[00:02:09] [Server thread/WARN]: Player SimonPro74 just tried to change non-editable sign
[00:02:10] [Server thread/WARN]: Player SimonPro74 just tried to change non-editable sign
[00:02:10] [Server thread/WARN]: Player SimonPro74 just tried to change non-editable sign
[00:02:10] [Server thread/WARN]: Player SimonPro74 just tried to change non-editable sign
[00:02:10] [Server thread/WARN]: Player SimonPro74 just tried to change non-editable sign
[00:02:10] [Server thread/WARN]: Player SimonPro74 just tried to change non-editable sign
[00:02:10] [Server thread/WARN]: Player SimonPro74 just tried to change non-editable sign
[00:02:10] [Server thread/WARN]: Player SimonPro74 just tried to change non-editable sign
[00:02:10] [Server thread/WARN]: Player SimonPro74 just tried to change non-editable sign
[00:02:10] [Server thread/WARN]: Player SimonPro74 just tried to change non-editable sign
[00:02:10] [Server thread/WARN]: Player SimonPro74 just tried to change non-editable sign
[00:02:10] [Server thread/WARN]: Player SimonPro74 just tried to change non-editable sign
[00:02:10] [Server thread/WARN]: Player SimonPro74 just tried to change non-editable sign
[00:02:10] [Server thread/WARN]: Player SimonPro74 just tried to change non-editable sign
[00:02:10] [Server thread/WARN]: Player SimonPro74 just tried to change non-editable sign
[00:02:10] [Server thread/WARN]: Player SimonPro74 just tried to change non-editable sign
[00:02:10] [Server thread/WARN]: Player SimonPro74 just tried to change non-editable sign
[00:02:10] [Server thread/WARN]: Player SimonPro74 just tried to change non-editable sign
[00:02:10] [Server thread/WARN]: Player SimonPro74 just tried to change non-editable sign
[00:02:12] [Server thread/WARN]: Player SimonPro74 just tried to change non-editable sign
[00:05:57] [Server thread/WARN]: Player SimonPro74 just tried to change non-editable sign
[00:05:57] [Server thread/WARN]: Player SimonPro74 just tried to change non-editable sign
[00:05:57] [Server thread/WARN]: Player SimonPro74 just tried to change non-editable sign
[00:05:57] [Server thread/WARN]: Player SimonPro74 just tried to change non-editable sign
[00:05:57] [Server thread/WARN]: Player SimonPro74 just tried to change non-editable sign
[00:05:57] [Server thread/WARN]: Player SimonPro74 just tried to change non-editable sign
[00:05:57] [Server thread/WARN]: Player SimonPro74 just tried to change non-editable sign
[00:05:57] [Server thread/WARN]: Player SimonPro74 just tried to change non-editable sign
[00:05:57] [Server thread/WARN]: Player SimonPro74 just tried to change non-editable sign
[00:05:57] [Server thread/WARN]: Player SimonPro74 just tried to change non-editable sign
[00:05:57] [Server thread/WARN]: Player SimonPro74 just tried to change non-editable sign
[00:05:57] [Server thread/WARN]: Player SimonPro74 just tried to change non-editable sign
[00:05:57] [Server thread/WARN]: Player SimonPro74 just tried to change non-editable sign
[00:05:57] [Server thread/WARN]: Player SimonPro74 just tried to change non-editable sign
[00:05:57] [Server thread/WARN]: Player SimonPro74 just tried to change non-editable sign
[00:05:57] [Server thread/WARN]: Player SimonPro74 just tried to change non-editable sign
[00:05:57] [Server thread/WARN]: Player SimonPro74 just tried to change non-editable sign
[00:05:57] [Server thread/WARN]: Player SimonPro74 just tried to change non-editable sign
[00:05:57] [Server thread/WARN]: Player SimonPro74 just tried to change non-editable sign
[00:05:58] [Server thread/WARN]: Player SimonPro74 just tried to change non-editable sign
[00:06:52] [Server thread/INFO]: [Not Secure] [Server] hola
[00:10:30] [Server thread/INFO]: SimonPro74 lost connection: Disconnected
[00:10:30] [Server thread/INFO]: SimonPro74 left the game
[00:10:54] [Server thread/INFO]: Stopping the server
[00:10:54] [Server thread/INFO]: Stopping server
[00:10:54] [Server thread/INFO]: Saving players
[00:10:54] [Server thread/INFO]: Saving worlds
[00:10:54] [Server thread/INFO]: Saving chunks for level 'ServerLevel[world]'/minecraft:overworld
[00:10:54] [Server thread/INFO]: Saving chunks for level 'ServerLevel[world]'/minecraft:the_end
[00:10:54] [Server thread/INFO]: Saving chunks for level 'ServerLevel[world]'/minecraft:the_nether
[00:10:54] [Server thread/INFO]: Saving chunks for level 'ServerLevel[world]'/deeperdarker:otherside
[00:10:54] [Server thread/INFO]: ThreadedAnvilChunkStorage (world): All chunks are saved
[00:10:54] [Server thread/INFO]: ThreadedAnvilChunkStorage (DIM1): All chunks are saved
[00:10:54] [Server thread/INFO]: ThreadedAnvilChunkStorage (DIM-1): All chunks are saved
[00:10:54] [Server thread/INFO]: ThreadedAnvilChunkStorage (otherside): All chunks are saved
[00:10:54] [Server thread/INFO]: ThreadedAnvilChunkStorage: All dimensions are saved
[00:10:54] [Server thread/INFO]: Unloading server config for barteringstation
[00:10:54] [Server thread/INFO]: Unloading server config for easyanvils
[00:10:54] [Server thread/INFO]: Unloading server config for easymagic
[00:10:54] [Server thread/INFO]: Unloading server config for hangglider
[00:10:54] [Server thread/INFO]: Unloading server config for iteminteractions
